\BOOKMARK [0][-]{chapter.1}{Introducci\363n y motivaci\363n.}{}% 1
\BOOKMARK [1][-]{section.1.1}{Introducci\363n y motivaci\363n.}{chapter.1}% 2
\BOOKMARK [1][-]{section.1.2}{Descripci\363n del proyecto.}{chapter.1}% 3
\BOOKMARK [1][-]{section.1.3}{Requisitos de hardware y software para el proyecto.}{chapter.1}% 4
\BOOKMARK [1][-]{section.1.4}{Planificaci\363n de tareas.}{chapter.1}% 5
\BOOKMARK [1][-]{section.1.5}{Objetivos.}{chapter.1}% 6
\BOOKMARK [1][-]{section.1.6}{Estructura del documento.}{chapter.1}% 7
\BOOKMARK [0][-]{chapter.2}{Modelos de Soft Computing considerados.}{}% 8
\BOOKMARK [1][-]{section.2.1}{Mapas auto-organizados \(Self Organizing Map\)}{chapter.2}% 9
\BOOKMARK [2][-]{subsection.2.1.1}{Proceso de entrenamiento.}{section.2.1}% 10
\BOOKMARK [2][-]{subsection.2.1.2}{Usos del mapa auto-organizado.}{section.2.1}% 11
\BOOKMARK [2][-]{subsection.2.1.3}{Mapa auto-organizado batch.}{section.2.1}% 12
\BOOKMARK [2][-]{subsection.2.1.4}{Medidas de calidad.}{section.2.1}% 13
\BOOKMARK [1][-]{section.2.2}{\301rboles de decisi\363n.}{chapter.2}% 14
\BOOKMARK [2][-]{subsection.2.2.1}{Proceso de entrenamiento.}{section.2.2}% 15
\BOOKMARK [2][-]{subsection.2.2.2}{Poda de \341rboles y criterios de terminaci\363n temprana.}{section.2.2}% 16
\BOOKMARK [2][-]{subsection.2.2.3}{Calidad del modelo.}{section.2.2}% 17
\BOOKMARK [2][-]{subsection.2.2.4}{Random forest.}{section.2.2}% 18
\BOOKMARK [0][-]{chapter.3}{Tecnolog\355as utilizadas}{}% 19
\BOOKMARK [1][-]{section.3.1}{CUDA.}{chapter.3}% 20
\BOOKMARK [2][-]{subsection.3.1.1}{Python, NumPy, Numba y CuPy.}{section.3.1}% 21
\BOOKMARK [2][-]{subsection.3.1.2}{Estructura de hebras, bloques y mallas.}{section.3.1}% 22
\BOOKMARK [2][-]{subsection.3.1.3}{Estructura de memoria y memoria compartida.}{section.3.1}% 23
\BOOKMARK [2][-]{subsection.3.1.4}{Sincronizaci\363n y operaciones at\363micas.}{section.3.1}% 24
\BOOKMARK [2][-]{subsection.3.1.5}{Generaci\363n de n\372meros pseudoaleatorios en la GPU.}{section.3.1}% 25
\BOOKMARK [2][-]{subsection.3.1.6}{Streams.}{section.3.1}% 26
\BOOKMARK [1][-]{section.3.2}{Spark.}{chapter.3}% 27
\BOOKMARK [0][-]{chapter.4}{Estado del arte: trabajos relacionados.}{}% 28
\BOOKMARK [0][-]{chapter.5}{Implementaci\363n.}{}% 29
\BOOKMARK [1][-]{section.5.1}{Proceso de implementaci\363n.}{chapter.5}% 30
\BOOKMARK [1][-]{section.5.2}{Desarrollo del mapa auto-organizado de Kohonen.}{chapter.5}% 31
\BOOKMARK [2][-]{subsection.5.2.1}{Limitaciones del mapa auto-organizado online.}{section.5.2}% 32
\BOOKMARK [2][-]{subsection.5.2.2}{Uso de Spark.}{section.5.2}% 33
\BOOKMARK [2][-]{subsection.5.2.3}{Representaci\363n de la estructura de pesos de las neuronas.}{section.5.2}% 34
\BOOKMARK [2][-]{subsection.5.2.4}{Kernels implementados.}{section.5.2}% 35
\BOOKMARK [1][-]{section.5.3}{Desarrollo de un modelo de \341rbol de decisi\363n.}{chapter.5}% 36
\BOOKMARK [2][-]{subsection.5.3.1}{Lista de atributos.}{section.5.3}% 37
\BOOKMARK [2][-]{subsection.5.3.2}{Esquema general del algoritmo implementado.}{section.5.3}% 38
\BOOKMARK [2][-]{subsection.5.3.3}{La operaci\363n de scan.}{section.5.3}% 39
\BOOKMARK [2][-]{subsection.5.3.4}{C\341lculo del criterio de Gini.}{section.5.3}% 40
\BOOKMARK [2][-]{subsection.5.3.5}{Reorganizaci\363n de la listas de atributos.}{section.5.3}% 41
\BOOKMARK [2][-]{subsection.5.3.6}{Representaci\363n del \341rbol.}{section.5.3}% 42
\BOOKMARK [2][-]{subsection.5.3.7}{Uso de Spark.}{section.5.3}% 43
\BOOKMARK [0][-]{chapter.6}{Desarrollo de pruebas y an\341lisis de resultados.}{}% 44
\BOOKMARK [1][-]{section.6.1}{Entorno de pruebas.}{chapter.6}% 45
\BOOKMARK [1][-]{section.6.2}{Conjuntos de datos utilizados.}{chapter.6}% 46
\BOOKMARK [1][-]{section.6.3}{Experimentos para evaluar el mapa auto-organizado.}{chapter.6}% 47
\BOOKMARK [2][-]{subsection.6.3.1}{Verificaci\363n de la implementaci\363n del modelo.}{section.6.3}% 48
\BOOKMARK [2][-]{subsection.6.3.2}{Uso del modelo sobre un conjunto de datos grandes dimensiones.}{section.6.3}% 49
\BOOKMARK [2][-]{subsection.6.3.3}{Resultados de Nsight sobre la versi\363n final del algoritmo.}{section.6.3}% 50
\BOOKMARK [1][-]{section.6.4}{Experimentos para evaluar el random forest.}{chapter.6}% 51
\BOOKMARK [2][-]{subsection.6.4.1}{Resultados del uso del profiler sobre la versi\363n final del algoritmo.}{section.6.4}% 52
\BOOKMARK [0][-]{chapter.7}{Conclusiones y trabajos futuros.}{}% 53
\BOOKMARK [0][-]{chapter*.45}{Bibliograf\355a}{}% 54
