This is pdfTeX, Version 3.14159265-2.6-1.40.19 (MiKTeX 2.9.6840 64-bit) (preloaded format=pdflatex 2019.3.15)  7 JUN 2019 15:19
entering extended mode
**./proyecto.tex
(proyecto.tex
LaTeX2e <2018-04-01> patch level 5
("C:\Program Files\MiKTeX 2.9\tex\latex\base\book.cls"
Document Class: book 2014/09/29 v1.4h Standard LaTeX document class
("C:\Program Files\MiKTeX 2.9\tex\latex\base\bk11.clo"
File: bk11.clo 2014/09/29 v1.4h Standard LaTeX file (size option)
)
\c@part=\count80
\c@chapter=\count81
\c@section=\count82
\c@subsection=\count83
\c@subsubsection=\count84
\c@paragraph=\count85
\c@subparagraph=\count86
\c@figure=\count87
\c@table=\count88
\abovecaptionskip=\skip41
\belowcaptionskip=\skip42
\bibindent=\dimen102
)
("C:\Program Files\MiKTeX 2.9\tex\latex\base\inputenc.sty"
Package: inputenc 2018/04/06 v1.3b Input encoding file
\inpenc@prehook=\toks14
\inpenc@posthook=\toks15
)
("C:\Program Files\MiKTeX 2.9\tex\generic\babel\babel.sty"
Package: babel 2018/09/26 3.24 The Babel package

("C:\Program Files\MiKTeX 2.9\tex\generic\babel\switch.def"
File: switch.def 2018/09/26 3.24 Babel switching mechanism
)
*************************************
* Local config file bblopts.cfg used
*
(C:\Users\david\AppData\Roaming\MiKTeX\2.9\tex\latex\arabi\bblopts.cfg
File: bblopts.cfg 2005/09/08 v0.1 add Arabic and Farsi to "declared" options of
 babel
)
("C:\Program Files\MiKTeX 2.9\tex\latex\babel-spanish\spanish.ldf"
Language: spanish.ldf 2016/03/03 v5.0p Spanish support from the babel system

("C:\Program Files\MiKTeX 2.9\tex\generic\babel\babel.def"
File: babel.def 2018/09/26 3.24 Babel common definitions
\babel@savecnt=\count89
\U@D=\dimen103

("C:\Program Files\MiKTeX 2.9\tex\generic\babel\txtbabel.def")
\bbl@dirlevel=\count90
)
\es@quottoks=\toks16
\es@quotdepth=\count91
Package babel Info: Making " an active character on input line 561.
Package babel Info: Making . an active character on input line 662.
Package babel Info: Making < an active character on input line 707.
Package babel Info: Making > an active character on input line 707.
))
(C:\Users\david\AppData\Roaming\MiKTeX\2.9\tex\latex\titlesec\titlesec.sty
Package: titlesec 2016/03/21 v2.10.2 Sectioning titles
\ttl@box=\box26
\beforetitleunit=\skip43
\aftertitleunit=\skip44
\ttl@plus=\dimen104
\ttl@minus=\dimen105
\ttl@toksa=\toks17
\titlewidth=\dimen106
\titlewidthlast=\dimen107
\titlewidthfirst=\dimen108
)
("C:\Program Files\MiKTeX 2.9\tex\latex\float\float.sty"
Package: float 2001/11/08 v1.3d Float enhancements (AL)
\c@float@type=\count92
\float@exts=\toks18
\float@box=\box27
\@float@everytoks=\toks19
\@floatcapt=\box28
)
("C:\Program Files\MiKTeX 2.9\tex\latex\tools\dcolumn.sty"
Package: dcolumn 2014/10/28 v1.06 decimal alignment package (DPC)

("C:\Program Files\MiKTeX 2.9\tex\latex\tools\array.sty"
Package: array 2018/04/30 v2.4h Tabular extension package (FMi)
\col@sep=\dimen109
\ar@mcellbox=\box29
\extrarowheight=\dimen110
\NC@list=\toks20
\extratabsurround=\skip45
\backup@length=\skip46
\ar@cellbox=\box30
))
(C:\Users\david\AppData\Roaming\MiKTeX\2.9\tex\latex\booktabs\booktabs.sty
Package: booktabs 2005/04/14 v1.61803 publication quality tables
\heavyrulewidth=\dimen111
\lightrulewidth=\dimen112
\cmidrulewidth=\dimen113
\belowrulesep=\dimen114
\belowbottomsep=\dimen115
\aboverulesep=\dimen116
\abovetopsep=\dimen117
\cmidrulesep=\dimen118
\cmidrulekern=\dimen119
\defaultaddspace=\dimen120
\@cmidla=\count93
\@cmidlb=\count94
\@aboverulesep=\dimen121
\@belowrulesep=\dimen122
\@thisruleclass=\count95
\@lastruleclass=\count96
\@thisrulewidth=\dimen123
)
("C:\Program Files\MiKTeX 2.9\tex\latex\tools\verbatim.sty"
Package: verbatim 2014/10/28 v1.5q LaTeX2e package for verbatim enhancements
\every@verbatim=\toks21
\verbatim@line=\toks22
\verbatim@in@stream=\read1
)
(C:\Users\david\AppData\Roaming\MiKTeX\2.9\tex\latex\minted\minted.sty
Package: minted 2017/07/19 v2.5 Yet another Pygments shim for LaTeX

("C:\Program Files\MiKTeX 2.9\tex\latex\graphics\keyval.sty"
Package: keyval 2014/10/28 v1.15 key=value parser (DPC)
\KV@toks@=\toks23
)
("C:\Program Files\MiKTeX 2.9\tex\latex\oberdiek\kvoptions.sty"
Package: kvoptions 2016/05/16 v3.12 Key value format for package options (HO)

("C:\Program Files\MiKTeX 2.9\tex\generic\oberdiek\ltxcmds.sty"
Package: ltxcmds 2016/05/16 v1.23 LaTeX kernel commands for general use (HO)
)
("C:\Program Files\MiKTeX 2.9\tex\generic\oberdiek\kvsetkeys.sty"
Package: kvsetkeys 2016/05/16 v1.17 Key value parser (HO)

("C:\Program Files\MiKTeX 2.9\tex\generic\oberdiek\infwarerr.sty"
Package: infwarerr 2016/05/16 v1.4 Providing info/warning/error messages (HO)
)
("C:\Program Files\MiKTeX 2.9\tex\generic\oberdiek\etexcmds.sty"
Package: etexcmds 2016/05/16 v1.6 Avoid name clashes with e-TeX commands (HO)

("C:\Program Files\MiKTeX 2.9\tex\generic\oberdiek\ifluatex.sty"
Package: ifluatex 2016/05/16 v1.4 Provides the ifluatex switch (HO)
Package ifluatex Info: LuaTeX not detected.
)
Package etexcmds Info: Could not find \expanded.
(etexcmds)             That can mean that you are not using pdfTeX 1.50 or
(etexcmds)             that some package has redefined \expanded.
(etexcmds)             In the latter case, load this package earlier.
)))
(C:\Users\david\AppData\Roaming\MiKTeX\2.9\tex\latex\fvextra\fvextra.sty
Package: fvextra 2019/02/04 v1.4 fvextra - extensions and patches for fancyvrb

("C:\Program Files\MiKTeX 2.9\tex\latex\base\ifthen.sty"
Package: ifthen 2014/09/29 v1.1c Standard LaTeX ifthen package (DPC)
)
(C:\Users\david\AppData\Roaming\MiKTeX\2.9\tex\latex\etoolbox\etoolbox.sty
Package: etoolbox 2018/08/19 v2.5f e-TeX tools for LaTeX (JAW)
\etb@tempcnta=\count97
)
(C:\Users\david\AppData\Roaming\MiKTeX\2.9\tex\latex\fancyvrb\fancyvrb.sty
Package: fancyvrb 2019/01/15

Style option: `fancyvrb' v3.2a <2019/01/15> (tvz)
\FV@CodeLineNo=\count98
\FV@InFile=\read2
\FV@TabBox=\box31
\c@FancyVerbLine=\count99
\FV@StepNumber=\count100
\FV@OutFile=\write3
)
(C:\Users\david\AppData\Roaming\MiKTeX\2.9\tex\latex\upquote\upquote.sty
Package: upquote 2012/04/19 v1.3 upright-quote and grave-accent glyphs in verba
tim
)
(C:\Users\david\AppData\Roaming\MiKTeX\2.9\tex\latex\lineno\lineno.sty
Package: lineno 2005/11/02 line numbers on paragraphs v4.41
\linenopenalty=\count101
\output=\toks24
\linenoprevgraf=\count102
\linenumbersep=\dimen124
\linenumberwidth=\dimen125
\c@linenumber=\count103
\c@pagewiselinenumber=\count104
\c@LN@truepage=\count105
\c@internallinenumber=\count106
\c@internallinenumbers=\count107
\quotelinenumbersep=\dimen126
\bframerule=\dimen127
\bframesep=\dimen128
\bframebox=\box32
LaTeX Info: Redefining \\ on input line 3056.
)
\c@FV@TrueTabGroupLevel=\count108
\c@FV@TrueTabCounter=\count109
\FV@TabBox@Group=\box33
\FV@TmpLength=\skip47
\c@FV@HighlightLinesStart=\count110
\c@FV@HighlightLinesStop=\count111
\FV@LoopCount=\count112
\FV@NCharsBox=\box34
\FV@BreakIndent=\dimen129
\FV@BreakIndentNChars=\count113
\FV@BreakSymbolSepLeft=\dimen130
\FV@BreakSymbolSepLeftNChars=\count114
\FV@BreakSymbolSepRight=\dimen131
\FV@BreakSymbolSepRightNChars=\count115
\FV@BreakSymbolIndentLeft=\dimen132
\FV@BreakSymbolIndentLeftNChars=\count116
\FV@BreakSymbolIndentRight=\dimen133
\FV@BreakSymbolIndentRightNChars=\count117
\c@FancyVerbLineBreakLast=\count118
\FV@LineBox=\box35
\FV@LineIndentBox=\box36
\FV@LineWidth=\dimen134
)
("C:\Program Files\MiKTeX 2.9\tex\latex\tools\calc.sty"
Package: calc 2017/05/25 v4.3 Infix arithmetic (KKT,FJ)
\calc@Acount=\count119
\calc@Bcount=\count120
\calc@Adimen=\dimen135
\calc@Bdimen=\dimen136
\calc@Askip=\skip48
\calc@Bskip=\skip49
LaTeX Info: Redefining \setlength on input line 80.
LaTeX Info: Redefining \addtolength on input line 81.
\calc@Ccount=\count121
\calc@Cskip=\skip50
)
("C:\Program Files\MiKTeX 2.9\tex\latex\tools\shellesc.sty"
Package: shellesc 2016/06/07 v0.02a unified shell escape interface for LaTeX
Package shellesc Info: Unrestricted shell escape enabled on input line 67.
)
(C:\Users\david\AppData\Roaming\MiKTeX\2.9\tex\latex\ifplatform\ifplatform.sty
Package: ifplatform 2017/10/13 v0.4a Testing for the operating system

("C:\Program Files\MiKTeX 2.9\tex\generic\oberdiek\pdftexcmds.sty"
Package: pdftexcmds 2018/09/10 v0.29 Utility functions of pdfTeX for LuaTeX (HO
)

("C:\Program Files\MiKTeX 2.9\tex\generic\oberdiek\ifpdf.sty"
Package: ifpdf 2018/09/07 v3.3 Provides the ifpdf switch
)
Package pdftexcmds Info: LuaTeX not detected.
Package pdftexcmds Info: \pdf@primitive is available.
Package pdftexcmds Info: \pdf@ifprimitive is available.
Package pdftexcmds Info: \pdfdraftmode found.
)
("C:\Program Files\MiKTeX 2.9\tex\generic\oberdiek\catchfile.sty"
Package: catchfile 2016/05/16 v1.7 Catch the contents of a file (HO)
))
(C:\Users\david\AppData\Roaming\MiKTeX\2.9\tex\latex\xstring\xstring.sty
(C:\Users\david\AppData\Roaming\MiKTeX\2.9\tex\generic\xstring\xstring.tex
\integerpart=\count122
\decimalpart=\count123
)
Package: xstring 2019/02/06 v1.83 String manipulations (CT)
)
(C:\Users\david\AppData\Roaming\MiKTeX\2.9\tex\latex\framed\framed.sty
Package: framed 2011/10/22 v 0.96: framed or shaded text with page breaks
\OuterFrameSep=\skip51
\fb@frw=\dimen137
\fb@frh=\dimen138
\FrameRule=\dimen139
\FrameSep=\dimen140
)
(C:\Users\david\AppData\Roaming\MiKTeX\2.9\tex\latex\caption\newfloat.sty
Package: newfloat 2018/03/04 v1.1a Defining new floating environments (AR)
)
\minted@appexistsfile=\read3
\minted@bgbox=\box37
\minted@code=\write4
\c@minted@FancyVerbLineTemp=\count124
\c@minted@pygmentizecounter=\count125
Package newfloat Info: New float `listing' with options `fileext=lol,placement=
tbp' on input line 1151.
\c@listing=\count126
Package newfloat Info: float type `listing'=4 on input line 1151.
)
runsystem(if not exist _minted-proyecto mkdir _minted-proyecto)...executed.


(C:\Users\david\AppData\Roaming\MiKTeX\2.9\tex\latex\caption\caption.sty
Package: caption 2018/10/06 v3.3-154 Customizing captions (AR)

(C:\Users\david\AppData\Roaming\MiKTeX\2.9\tex\latex\caption\caption3.sty
Package: caption3 2018/09/12 v1.8c caption3 kernel (AR)
Package caption3 Info: TeX engine: e-TeX on input line 64.
\captionmargin=\dimen141
\captionmargin@=\dimen142
\captionwidth=\dimen143
\caption@tempdima=\dimen144
\caption@indent=\dimen145
\caption@parindent=\dimen146
\caption@hangindent=\dimen147
)
\c@caption@flags=\count127
\c@ContinuedFloat=\count128
Package caption Info: float package is loaded.
)
("C:\Program Files\MiKTeX 2.9\tex\latex\multirow\multirow.sty"
Package: multirow 2018/08/03 v2.3 Span multiple rows of a table
\multirow@colwidth=\skip52
\multirow@cntb=\count129
\multirow@dima=\skip53
\bigstrutjot=\dimen148
)
(C:\Users\david\AppData\Roaming\MiKTeX\2.9\tex\latex\fancyhdr\fancyhdr.sty
Package: fancyhdr 2019/01/31 v3.10 Extensive control of page headers and footer
s
\f@nch@headwidth=\skip54
\f@nch@O@elh=\skip55
\f@nch@O@erh=\skip56
\f@nch@O@olh=\skip57
\f@nch@O@orh=\skip58
\f@nch@O@elf=\skip59
\f@nch@O@erf=\skip60
\f@nch@O@olf=\skip61
\f@nch@O@orf=\skip62
)
("C:\Program Files\MiKTeX 2.9\tex\latex\graphics\graphicx.sty"
Package: graphicx 2017/06/01 v1.1a Enhanced LaTeX Graphics (DPC,SPQR)

("C:\Program Files\MiKTeX 2.9\tex\latex\graphics\graphics.sty"
Package: graphics 2017/06/25 v1.2c Standard LaTeX Graphics (DPC,SPQR)

("C:\Program Files\MiKTeX 2.9\tex\latex\graphics\trig.sty"
Package: trig 2016/01/03 v1.10 sin cos tan (DPC)
)
("C:\Program Files\MiKTeX 2.9\tex\latex\graphics-cfg\graphics.cfg"
File: graphics.cfg 2016/06/04 v1.11 sample graphics configuration
)
Package graphics Info: Driver file: pdftex.def on input line 99.

("C:\Program Files\MiKTeX 2.9\tex\latex\graphics-def\pdftex.def"
File: pdftex.def 2018/01/08 v1.0l Graphics/color driver for pdftex
))
\Gin@req@height=\dimen149
\Gin@req@width=\dimen150
)
("C:\Program Files\MiKTeX 2.9\tex\latex\tools\afterpage.sty"
Package: afterpage 2014/10/28 v1.08 After-Page Package (DPC)
\AP@output=\toks25
\AP@partial=\box38
\AP@footins=\box39
)
(C:\Users\david\AppData\Roaming\MiKTeX\2.9\tex\latex\parskip\parskip.sty
Package: parskip 2019-01-16 v2.0c non-zero parskip adjustments
)
("C:\Program Files\MiKTeX 2.9\tex\latex\tools\longtable.sty"
Package: longtable 2014/10/28 v4.11 Multi-page Table package (DPC)
\LTleft=\skip63
\LTright=\skip64
\LTpre=\skip65
\LTpost=\skip66
\LTchunksize=\count130
\LTcapwidth=\dimen151
\LT@head=\box40
\LT@firsthead=\box41
\LT@foot=\box42
\LT@lastfoot=\box43
\LT@cols=\count131
\LT@rows=\count132
\c@LT@tables=\count133
\c@LT@chunks=\count134
\LT@p@ftn=\toks26
)
(C:\Users\david\AppData\Roaming\MiKTeX\2.9\tex\latex\algorithmicx\algpseudocode
.sty
Package: algpseudocode 

(C:\Users\david\AppData\Roaming\MiKTeX\2.9\tex\latex\algorithmicx\algorithmicx.
sty
Package: algorithmicx 2005/04/27 v1.2 Algorithmicx

Document Style algorithmicx 1.2 - a greatly improved `algorithmic' style
\c@ALG@line=\count135
\c@ALG@rem=\count136
\c@ALG@nested=\count137
\ALG@tlm=\skip67
\ALG@thistlm=\skip68
\c@ALG@Lnr=\count138
\c@ALG@blocknr=\count139
\c@ALG@storecount=\count140
\c@ALG@tmpcounter=\count141
\ALG@tmplength=\skip69
)
Document Style - pseudocode environments for use with the `algorithmicx' style
) (C:\Users\david\AppData\Roaming\MiKTeX\2.9\tex\latex\algorithms\algorithm.sty
Package: algorithm 2009/08/24 v0.1 Document Style `algorithm' - floating enviro
nment
\@float@every@algorithm=\toks27
\c@algorithm=\count142
) (C:\Users\david\AppData\Roaming\MiKTeX\2.9\tex\latex\ulem\ulem.sty
\UL@box=\box44
\UL@hyphenbox=\box45
\UL@skip=\skip70
\UL@hook=\toks28
\UL@height=\dimen152
\UL@pe=\count143
\UL@pixel=\dimen153
\ULC@box=\box46
Package: ulem 2012/05/18
\ULdepth=\dimen154
)
("C:\Program Files\MiKTeX 2.9\tex\latex\hyperref\hyperref.sty"
Package: hyperref 2018/09/30 v6.88a Hypertext links for LaTeX

("C:\Program Files\MiKTeX 2.9\tex\generic\oberdiek\hobsub-hyperref.sty"
Package: hobsub-hyperref 2016/05/16 v1.14 Bundle oberdiek, subset hyperref (HO)


("C:\Program Files\MiKTeX 2.9\tex\generic\oberdiek\hobsub-generic.sty"
Package: hobsub-generic 2016/05/16 v1.14 Bundle oberdiek, subset generic (HO)
Package: hobsub 2016/05/16 v1.14 Construct package bundles (HO)
Package hobsub Info: Skipping package `infwarerr' (already loaded).
Package hobsub Info: Skipping package `ltxcmds' (already loaded).
Package hobsub Info: Skipping package `ifluatex' (already loaded).
Package: ifvtex 2016/05/16 v1.6 Detect VTeX and its facilities (HO)
Package ifvtex Info: VTeX not detected.
Package: intcalc 2016/05/16 v1.2 Expandable calculations with integers (HO)
Package hobsub Info: Skipping package `ifpdf' (already loaded).
Package hobsub Info: Skipping package `etexcmds' (already loaded).
Package hobsub Info: Skipping package `kvsetkeys' (already loaded).
Package: kvdefinekeys 2016/05/16 v1.4 Define keys (HO)
Package hobsub Info: Skipping package `pdftexcmds' (already loaded).
Package: pdfescape 2016/05/16 v1.14 Implements pdfTeX's escape features (HO)
Package: bigintcalc 2016/05/16 v1.4 Expandable calculations on big integers (HO
)
Package: bitset 2016/05/16 v1.2 Handle bit-vector datatype (HO)
Package: uniquecounter 2016/05/16 v1.3 Provide unlimited unique counter (HO)
)
Package hobsub Info: Skipping package `hobsub' (already loaded).
Package: letltxmacro 2016/05/16 v1.5 Let assignment for LaTeX macros (HO)
Package: hopatch 2016/05/16 v1.3 Wrapper for package hooks (HO)
Package: xcolor-patch 2016/05/16 xcolor patch
Package: atveryend 2016/05/16 v1.9 Hooks at the very end of document (HO)
Package: atbegshi 2016/06/09 v1.18 At begin shipout hook (HO)
Package: refcount 2016/05/16 v3.5 Data extraction from label references (HO)
Package: hycolor 2016/05/16 v1.8 Color options for hyperref/bookmark (HO)
)
("C:\Program Files\MiKTeX 2.9\tex\generic\ifxetex\ifxetex.sty"
Package: ifxetex 2010/09/12 v0.6 Provides ifxetex conditional
)
("C:\Program Files\MiKTeX 2.9\tex\latex\oberdiek\auxhook.sty"
Package: auxhook 2016/05/16 v1.4 Hooks for auxiliary files (HO)
)
\@linkdim=\dimen155
\Hy@linkcounter=\count144
\Hy@pagecounter=\count145

("C:\Program Files\MiKTeX 2.9\tex\latex\hyperref\pd1enc.def"
File: pd1enc.def 2018/09/30 v6.88a Hyperref: PDFDocEncoding definition (HO)
Now handling font encoding PD1 ...
... no UTF-8 mapping file for font encoding PD1
)
\Hy@SavedSpaceFactor=\count146

("C:\Program Files\MiKTeX 2.9\tex\latex\00miktex\hyperref.cfg"
File: hyperref.cfg 2002/06/06 v1.2 hyperref configuration of TeXLive
)

Package hyperref Warning: Invalid value `000'
(hyperref)                for option `pdfborder'.
(hyperref)                Option setting is ignored on input line 4409.

Package hyperref Info: Hyper figures OFF on input line 4535.
Package hyperref Info: Link nesting OFF on input line 4540.
Package hyperref Info: Hyper index ON on input line 4543.
Package hyperref Info: Plain pages OFF on input line 4550.
Package hyperref Info: Backreferencing OFF on input line 4555.
Package hyperref Info: Implicit mode ON; LaTeX internals redefined.
Package hyperref Info: Bookmarks ON on input line 4788.
\c@Hy@tempcnt=\count147
(C:\Users\david\AppData\Roaming\MiKTeX\2.9\tex\latex\url\url.sty
\Urlmuskip=\muskip10
Package: url 2013/09/16  ver 3.4  Verb mode for urls, etc.
)
LaTeX Info: Redefining \url on input line 5141.
\XeTeXLinkMargin=\dimen156
\Fld@menulength=\count148
\Field@Width=\dimen157
\Fld@charsize=\dimen158
Package hyperref Info: Hyper figures OFF on input line 6396.
Package hyperref Info: Link nesting OFF on input line 6401.
Package hyperref Info: Hyper index ON on input line 6404.
Package hyperref Info: backreferencing OFF on input line 6411.
Package hyperref Info: Link coloring OFF on input line 6416.
Package hyperref Info: Link coloring with OCG OFF on input line 6421.
Package hyperref Info: PDF/A mode OFF on input line 6426.
LaTeX Info: Redefining \ref on input line 6466.
LaTeX Info: Redefining \pageref on input line 6470.
\Hy@abspage=\count149
\c@Item=\count150
\c@Hfootnote=\count151
)
Package hyperref Info: Driver (autodetected): hpdftex.

("C:\Program Files\MiKTeX 2.9\tex\latex\hyperref\hpdftex.def"
File: hpdftex.def 2018/09/30 v6.88a Hyperref driver for pdfTeX
\Fld@listcount=\count152
\c@bookmark@seq@number=\count153

("C:\Program Files\MiKTeX 2.9\tex\latex\oberdiek\rerunfilecheck.sty"
Package: rerunfilecheck 2016/05/16 v1.8 Rerun checks for auxiliary files (HO)
Package uniquecounter Info: New unique counter `rerunfilecheck' on input line 2
82.
)
\Hy@SectionHShift=\skip71
)

Package hyperref Warning: Token not allowed in a PDF string (PDFDocEncoding):
(hyperref)                removing `subscript' on input line 72.


Package hyperref Warning: Token not allowed in a PDF string (PDFDocEncoding):
(hyperref)                removing `subscript' on input line 72.


Package hyperref Warning: Token not allowed in a PDF string (PDFDocEncoding):
(hyperref)                removing `subscript' on input line 72.

(C:\Users\david\AppData\Roaming\MiKTeX\2.9\tex\latex\colortbl\colortbl.sty
Package: colortbl 2018/12/12 v1.0d Color table columns (DPC)

("C:\Program Files\MiKTeX 2.9\tex\latex\graphics\color.sty"
Package: color 2016/07/10 v1.1e Standard LaTeX Color (DPC)

("C:\Program Files\MiKTeX 2.9\tex\latex\graphics-cfg\color.cfg"
File: color.cfg 2016/01/02 v1.6 sample color configuration
)
Package color Info: Driver file: pdftex.def on input line 147.
)
\everycr=\toks29
\minrowclearance=\skip72
)
(C:\Users\david\AppData\Roaming\MiKTeX\2.9\tex\latex\footmisc\footmisc.sty
Package: footmisc 2011/06/06 v5.5b a miscellany of footnote facilities
\FN@temptoken=\toks30
\footnotemargin=\dimen159
\c@pp@next@reset=\count154
Package footmisc Info: Declaring symbol style bringhurst on input line 855.
Package footmisc Info: Declaring symbol style chicago on input line 863.
Package footmisc Info: Declaring symbol style wiley on input line 872.
Package footmisc Info: Declaring symbol style lamport-robust on input line 883.

Package footmisc Info: Declaring symbol style lamport* on input line 903.
Package footmisc Info: Declaring symbol style lamport*-robust on input line 924
.
)
(C:\Users\david\AppData\Roaming\MiKTeX\2.9\tex\latex\xcolor\xcolor.sty
Package: xcolor 2016/05/11 v2.12 LaTeX color extensions (UK)

("C:\Program Files\MiKTeX 2.9\tex\latex\graphics-cfg\color.cfg"
File: color.cfg 2016/01/02 v1.6 sample color configuration
)
Package xcolor Info: Driver file: pdftex.def on input line 225.
LaTeX Info: Redefining \color on input line 709.
\rownum=\count155
Package xcolor Info: Model `cmy' substituted by `cmy0' on input line 1348.
Package xcolor Info: Model `hsb' substituted by `rgb' on input line 1352.
Package xcolor Info: Model `RGB' extended on input line 1364.
Package xcolor Info: Model `HTML' substituted by `rgb' on input line 1366.
Package xcolor Info: Model `Hsb' substituted by `hsb' on input line 1367.
Package xcolor Info: Model `tHsb' substituted by `hsb' on input line 1368.
Package xcolor Info: Model `HSB' substituted by `hsb' on input line 1369.
Package xcolor Info: Model `Gray' substituted by `gray' on input line 1370.
Package xcolor Info: Model `wave' substituted by `hsb' on input line 1371.
)

Package Fancyhdr Warning: \fancyhead's `E' option without twoside option is use
less on input line 99.


Package Fancyhdr Warning: \fancyhead's `E' option without twoside option is use
less on input line 100.

\c@teorema=\count156
\c@ejemplo=\count157
\c@definicion=\count158
(C:\Users\david\AppData\Roaming\MiKTeX\2.9\tex\latex\appendix\appendix.sty
Package: appendix 2009/09/02 v1.2b extra appendix facilities
\c@@pps=\count159
\c@@ppsavesec=\count160
\c@@ppsaveapp=\count161
)
(C:\Users\david\AppData\Roaming\MiKTeX\2.9\tex\latex\pdfpages\pdfpages.sty
Package: pdfpages 2017/10/31 v0.5l Insert pages of external PDF documents (AM)

(C:\Users\david\AppData\Roaming\MiKTeX\2.9\tex\latex\eso-pic\eso-pic.sty
Package: eso-pic 2018/04/12 v2.0h eso-pic (RN)
)
\AM@pagewidth=\dimen160
\AM@pageheight=\dimen161

(C:\Users\david\AppData\Roaming\MiKTeX\2.9\tex\latex\pdfpages\pppdftex.def
File: pppdftex.def 2017/10/31 v0.5l Pdfpages driver for pdfTeX (AM)
)
\AM@pagebox=\box47
\AM@global@opts=\toks31
\AM@toc@title=\toks32
\c@AM@survey=\count162
\AM@templatesizebox=\box48
)
runsystem(for ^%i in (pygmentize.exe pygmentize.bat pygmentize.cmd) do set > pr
oyecto.aex <nul: /p x=^%~$PATH:i>> proyecto.aex)...executed.

runsystem(del proyecto.aex)...executed.


(proyecto.aux
LaTeX Info: Redefining \. on input line 23.
LaTeX Info: Redefining \% on input line 23.
)
\openout1 = `proyecto.aux'.

LaTeX Font Info:    Checking defaults for OML/cmm/m/it on input line 144.
LaTeX Font Info:    ... okay on input line 144.
LaTeX Font Info:    Checking defaults for T1/cmr/m/n on input line 144.
LaTeX Font Info:    ... okay on input line 144.
LaTeX Font Info:    Checking defaults for OT1/cmr/m/n on input line 144.
LaTeX Font Info:    ... okay on input line 144.
LaTeX Font Info:    Checking defaults for OMS/cmsy/m/n on input line 144.
LaTeX Font Info:    ... okay on input line 144.
LaTeX Font Info:    Checking defaults for OMX/cmex/m/n on input line 144.
LaTeX Font Info:    ... okay on input line 144.
LaTeX Font Info:    Checking defaults for U/cmr/m/n on input line 144.
LaTeX Font Info:    ... okay on input line 144.
LaTeX Font Info:    Checking defaults for PD1/pdf/m/n on input line 144.
LaTeX Font Info:    ... okay on input line 144.
LaTeX Info: Redefining \. on input line 144.
LaTeX Info: Redefining \% on input line 144.
Package caption Info: Begin \AtBeginDocument code.
Package caption Info: hyperref package is loaded.
Package caption Info: longtable package is loaded.

(C:\Users\david\AppData\Roaming\MiKTeX\2.9\tex\latex\caption\ltcaption.sty
Package: ltcaption 2018/08/26 v1.4-95 longtable captions (AR)
)
Package caption Info: End \AtBeginDocument code.

(C:\Users\david\AppData\Roaming\MiKTeX\2.9\tex\context\base\mkii\supp-pdf.mkii
[Loading MPS to PDF converter (version 2006.09.02).]
\scratchcounter=\count163
\scratchdimen=\dimen162
\scratchbox=\box49
\nofMPsegments=\count164
\nofMParguments=\count165
\everyMPshowfont=\toks33
\MPscratchCnt=\count166
\MPscratchDim=\dimen163
\MPnumerator=\count167
\makeMPintoPDFobject=\count168
\everyMPtoPDFconversion=\toks34
) ("C:\Program Files\MiKTeX 2.9\tex\latex\oberdiek\epstopdf-base.sty"
Package: epstopdf-base 2016/05/15 v2.6 Base part for package epstopdf

("C:\Program Files\MiKTeX 2.9\tex\latex\oberdiek\grfext.sty"
Package: grfext 2016/05/16 v1.2 Manage graphics extensions (HO)
)
Package epstopdf-base Info: Redefining graphics rule for `.eps' on input line 4
38.
Package grfext Info: Graphics extension search list:
(grfext)             [.pdf,.png,.jpg,.mps,.jpeg,.jbig2,.jb2,.PDF,.PNG,.JPG,.JPE
G,.JBIG2,.JB2,.eps]
(grfext)             \AppendGraphicsExtensions on input line 456.
)
Couldn't patch \ttl@straight@ii
Couldn't patch \ttl@straight@ii
\AtBeginShipoutBox=\box50
Package hyperref Info: Link coloring OFF on input line 144.
("C:\Program Files\MiKTeX 2.9\tex\latex\hyperref\nameref.sty"
Package: nameref 2016/05/21 v2.44 Cross-referencing by name of section

("C:\Program Files\MiKTeX 2.9\tex\generic\oberdiek\gettitlestring.sty"
Package: gettitlestring 2016/05/16 v1.5 Cleanup title references (HO)
)
\c@section@level=\count169
)
LaTeX Info: Redefining \ref on input line 144.
LaTeX Info: Redefining \pageref on input line 144.
LaTeX Info: Redefining \nameref on input line 144.

(proyecto.out) (proyecto.out)
\@outlinefile=\write5
\openout5 = `proyecto.out'.


("C:\Program Files\MiKTeX 2.9\tex\latex\oberdiek\pdflscape.sty"
Package: pdflscape 2016/05/14 v0.11 Display of landscape pages in PDF (HO)

("C:\Program Files\MiKTeX 2.9\tex\latex\graphics\lscape.sty"
Package: lscape 2000/10/22 v3.01 Landscape Pages (DPC)
)
Package pdflscape Info: Auto-detected driver: pdftex on input line 81.
)
(portada/portada.tex
\centeroffset=\skip73
<imagenes/logo_ugr.jpg, id=155, 777.90625pt x 231.86626pt>
File: imagenes/logo_ugr.jpg Graphic file (type jpg)
<use imagenes/logo_ugr.jpg>
Package pdftex.def Info: imagenes/logo_ugr.jpg  used on input line 12.
(pdftex.def)             Requested size: 323.9978pt x 96.57295pt.
LaTeX Font Info:    External font `cmex10' loaded for size
(Font)              <10.95> on input line 23.
LaTeX Font Info:    External font `cmex10' loaded for size
(Font)              <8> on input line 23.
LaTeX Font Info:    External font `cmex10' loaded for size
(Font)              <6> on input line 23.
<imagenes/etsiit_logo.png, id=156, 110.814pt x 40.4712pt>
File: imagenes/etsiit_logo.png Graphic file (type png)
<use imagenes/etsiit_logo.png>
Package pdftex.def Info: imagenes/etsiit_logo.png  used on input line 33.
(pdftex.def)             Requested size: 108.0011pt x 39.44412pt.
 [1


{C:/Users/david/AppData/Local/MiKTeX/2.9/pdftex/config/pdftex.map} <./imagenes/
logo_ugr.jpg> <./imagenes/etsiit_logo.png>])
(prefacios/prefacio.texpdfTeX warning (ext4): destination with the same identif
ier (name{page.1}) has been already used, duplicate ignored
<to be read again> 
                   \relax 
l.11 \cleardoublepage
                      [1

]
Underfull \hbox (badness 10000) in paragraph at lines 22--23

 []


Underfull \hbox (badness 10000) in paragraph at lines 25--26

 []

[2

]
Underfull \hbox (badness 10000) in paragraph at lines 42--43

 []


Underfull \hbox (badness 10000) in paragraph at lines 45--46

 []

[3

]
Underfull \hbox (badness 10000) in paragraph at lines 52--53

 []

[4

] [5

]) [6

] (proyecto.toc
LaTeX Info: Redefining \. on input line 1.
LaTeX Info: Redefining \% on input line 1.
 [1


])
\tf@toc=\write6
\openout6 = `proyecto.toc'.

LaTeX Info: Redefining \. on input line 149.
LaTeX Info: Redefining \% on input line 149.


LaTeX Font Warning: Font shape `OT1/cmr/bx/sc' undefined
(Font)              using `OT1/cmr/bx/n' instead on input line 149.


Package spanish Warning: Replacing `OT1/cmr/bx/sc' by 
(spanish)                faked small caps on input line 149.

[2] (proyecto.lof
LaTeX Info: Redefining \. on input line 1.
LaTeX Info: Redefining \% on input line 1.
)
\tf@lof=\write7
\openout7 = `proyecto.lof'.

 [3

] (proyecto.lot
LaTeX Info: Redefining \. on input line 1.
LaTeX Info: Redefining \% on input line 1.
)
\tf@lot=\write8
\openout8 = `proyecto.lot'.

 [4

]
Cap\'{\i }tulo 1.

Underfull \hbox (badness 10000) in paragraph at lines 165--166

 []

pdfTeX warning (ext4): destination with the same identifier (name{page.1}) has 
been already used, duplicate ignored
<to be read again> 
                   \relax 
l.166 
       [1


]
Underfull \hbox (badness 10000) in paragraph at lines 168--169

 []


Underfull \hbox (badness 10000) in paragraph at lines 170--171

 []


Overfull \hbox (1.16965pt too wide) in paragraph at lines 177--177
|[]\OT1/cmr/bx/n/14.4 Requisitos de hard-wa-re y soft-wa-re pa-ra el pro-
 []


Underfull \hbox (badness 10000) in paragraph at lines 178--180

 []

LaTeX Info: Redefining \. on input line 180.
LaTeX Info: Redefining \% on input line 180.
pdfTeX warning (ext4): destination with the same identifier (name{page.2}) has 
been already used, duplicate ignored
<to be read again> 
                   \relax 
l.180 
       [2]
LaTeX Info: Redefining \. on input line 207.
LaTeX Info: Redefining \% on input line 207.
pdfTeX warning (ext4): destination with the same identifier (name{page.3}) has 
been already used, duplicate ignored
<to be read again> 
                   \relax 
l.207     \item E
                 n el cuarto capítulo, \textbf{Desarrollo de pruebas y aná...
[3] (capitulos/MODELOS.tex
LaTeX Info: Redefining \. on input line 2.
LaTeX Info: Redefining \% on input line 2.
pdfTeX warning (ext4): destination with the same identifier (name{page.4}) has 
been already used, duplicate ignored
<to be read again> 
                   \relax 
l.2 \chapter
            {Modelos de Soft Computing considerados.} [4]
Cap\'{\i }tulo 2.

Overfull \hbox (15.26845pt too wide) in paragraph at lines 3--3
|[]\OT1/cmr/bx/n/14.4 Mapas auto-organizados \OT1/cmr/bx/it/14.4 (Self Or-ga-ni
-zing Map)| 
 []

pdfTeX warning (ext4): destination with the same identifier (name{page.5}) has 
been already used, duplicate ignored
<to be read again> 
                   \relax 
l.14 
      [5

]
<imagenes/arquitectura_som.png, id=336, 417.2388pt x 253.4268pt>
File: imagenes/arquitectura_som.png Graphic file (type png)
<use imagenes/arquitectura_som.png>
Package pdftex.def Info: imagenes/arquitectura_som.png  used on input line 22.
(pdftex.def)             Requested size: 288.0011pt x 174.93428pt.

Underfull \hbox (badness 10000) in paragraph at lines 30--32

 []


Underfull \hbox (badness 10000) in paragraph at lines 33--34

 []


Underfull \hbox (badness 10000) in paragraph at lines 35--37

 []


Underfull \hbox (badness 10000) in paragraph at lines 35--37

 []

LaTeX Info: Redefining \. on input line 37.
LaTeX Info: Redefining \% on input line 37.
pdfTeX warning (ext4): destination with the same identifier (name{page.6}) has 
been already used, duplicate ignored
<to be read again> 
                   \relax 
l.37 $$
       distancia(X) = || W - X ||$$\\ [6 <./imagenes/arquitectura_som.png>]
Underfull \hbox (badness 10000) in paragraph at lines 37--39

 []


Underfull \hbox (badness 10000) in paragraph at lines 39--40

 []


Underfull \hbox (badness 10000) in paragraph at lines 43--44

 []


Underfull \hbox (badness 10000) in paragraph at lines 44--45

 []


Underfull \hbox (badness 10000) in paragraph at lines 46--47

 []


Underfull \hbox (badness 10000) in paragraph at lines 48--49

 []


Underfull \hbox (badness 10000) in paragraph at lines 50--51

 []


Underfull \hbox (badness 10000) in paragraph at lines 52--53

 []


Underfull \hbox (badness 10000) in paragraph at lines 54--55

 []


Underfull \hbox (badness 10000) in paragraph at lines 54--55

 []

LaTeX Info: Redefining \. on input line 55.
LaTeX Info: Redefining \% on input line 55.
[7]
Underfull \hbox (badness 10000) in paragraph at lines 58--59

 []


Underfull \hbox (badness 10000) in paragraph at lines 67--68

 []


Underfull \hbox (badness 10000) in paragraph at lines 69--70

 []


Underfull \hbox (badness 10000) in paragraph at lines 75--76

 []


Underfull \hbox (badness 10000) in paragraph at lines 77--78

 []


Underfull \hbox (badness 10000) in paragraph at lines 79--80

 []

<imagenes/somtraining.png, id=353, 1927.2pt x 519.9425pt>
File: imagenes/somtraining.png Graphic file (type png)
<use imagenes/somtraining.png>
Package pdftex.def Info: imagenes/somtraining.png  used on input line 83.
(pdftex.def)             Requested size: 360.0pt x 97.12402pt.
LaTeX Info: Redefining \. on input line 88.
LaTeX Info: Redefining \% on input line 88.
[8]
Underfull \hbox (badness 10000) in paragraph at lines 102--103

 []

LaTeX Info: Redefining \. on input line 103.
LaTeX Info: Redefining \% on input line 103.
[9 <./imagenes/somtraining.png>]
Underfull \hbox (badness 10000) in paragraph at lines 104--105

 []


Underfull \hbox (badness 10000) in paragraph at lines 108--109

 []


Underfull \hbox (badness 10000) in paragraph at lines 110--111

 []


Underfull \hbox (badness 10000) in paragraph at lines 129--130

 []

LaTeX Info: Redefining \. on input line 130.
LaTeX Info: Redefining \% on input line 130.
[10]
Underfull \hbox (badness 10000) in paragraph at lines 131--132

 []


Underfull \hbox (badness 10000) in paragraph at lines 135--136

 []


Underfull \hbox (badness 10000) in paragraph at lines 137--138

 []


Underfull \hbox (badness 10000) in paragraph at lines 148--149

 []

LaTeX Info: Redefining \. on input line 150.
LaTeX Info: Redefining \% on input line 150.
[11]) (capitulos/IMPLEMENTACION.tex
Cap\'{\i }tulo 3.
(capitulos/CUDA.tex
Underfull \hbox (badness 10000) in paragraph at lines 3--4

 []


Underfull \hbox (badness 10000) in paragraph at lines 5--6

 []


Underfull \hbox (badness 10000) in paragraph at lines 7--8

 []

[12

]
Underfull \hbox (badness 10000) in paragraph at lines 17--18

 []


Underfull \hbox (badness 10000) in paragraph at lines 19--20

 []


Underfull \hbox (badness 10000) in paragraph at lines 21--22

 []

LaTeX Info: Redefining \. on input line 22.
LaTeX Info: Redefining \% on input line 22.
[13]
\openout3 = `proyecto.pyg'.

 (_minted-proyecto/default-pyg-prefix.pygstyle)
(_minted-proyecto/default.pygstyle)
(_minted-proyecto/24E889B1785EC35CA42D8923E81C81DF6FFD03D566E47C5E5686EE250F018
701.pygtex
LaTeX Font Info:    Font shape `OT1/cmtt/bx/n' in size <9> not available
(Font)              Font shape `OT1/cmtt/m/n' tried instead on input line 2.
)
Package hyperref Info: bookmark level for unknown listing defaults to 0 on inpu
t line 49.

Underfull \hbox (badness 10000) in paragraph at lines 49--49

 []


Underfull \hbox (badness 10000) in paragraph at lines 53--54

 []


Underfull \hbox (badness 10000) in paragraph at lines 55--56

 []


Underfull \hbox (badness 10000) in paragraph at lines 57--58

 []

LaTeX Info: Redefining \. on input line 58.
LaTeX Info: Redefining \% on input line 58.
[14]
LaTeX Font Info:    Try loading font information for OMS+cmr on input line 64.
 ("C:\Program Files\MiKTeX 2.9\tex\latex\base\omscmr.fd"
File: omscmr.fd 2014/09/29 v2.5h Standard LaTeX font definitions
)
LaTeX Font Info:    Font shape `OMS/cmr/bx/it' in size <10.95> not available
(Font)              Font shape `OMS/cmsy/b/n' tried instead on input line 64.

Underfull \hbox (badness 10000) in paragraph at lines 75--76

 []

<imagenes/blocks.png, id=398, 324.46219pt x 252.945pt>
File: imagenes/blocks.png Graphic file (type png)
<use imagenes/blocks.png>
Package pdftex.def Info: imagenes/blocks.png  used on input line 79.
(pdftex.def)             Requested size: 324.46138pt x 252.94438pt.
LaTeX Info: Redefining \. on input line 85.
LaTeX Info: Redefining \% on input line 85.
[15 <./imagenes/blocks.png>]
Underfull \hbox (badness 10000) in paragraph at lines 88--89

 []

LaTeX Info: Redefining \. on input line 109.
LaTeX Info: Redefining \% on input line 109.
[16]
Overfull \hbox (2.66217pt too wide) in paragraph at lines 112--121
[][] 
 []


Underfull \hbox (badness 10000) in paragraph at lines 126--127

 []


Underfull \hbox (badness 10000) in paragraph at lines 128--129

 []

LaTeX Info: Redefining \. on input line 129.
LaTeX Info: Redefining \% on input line 129.
[17]
Underfull \hbox (badness 10000) in paragraph at lines 130--131

 []


Underfull \hbox (badness 10000) in paragraph at lines 138--139

 []


Underfull \hbox (badness 10000) in paragraph at lines 140--141

 []

LaTeX Info: Redefining \. on input line 141.
LaTeX Info: Redefining \% on input line 141.
[18]
Overfull \hbox (0.38457pt too wide) in paragraph at lines 142--143
[]\OT1/cmr/m/n/10.95 La fun-cion \OT1/cmr/bx/sc/10.95 xo-ros-hi-ro128p[][distr
ibucion][][tipo](estados, id[]hebra)\OT1/cmr/m/n/10.95 , in-
 []


Underfull \hbox (badness 10000) in paragraph at lines 142--143

 []

\openout3 = `proyecto.pyg'.


(_minted-proyecto/E7C685ECC930A3A7E8205E480E33B48A6FFD03D566E47C5E5686EE250F018
701.pygtex)
LaTeX Info: Redefining \. on input line 183.
LaTeX Info: Redefining \% on input line 183.
 [19]
<imagenes/parallel_reduce.png, id=426, 444.66125pt x 476.78125pt>
File: imagenes/parallel_reduce.png Graphic file (type png)
<use imagenes/parallel_reduce.png>
Package pdftex.def Info: imagenes/parallel_reduce.png  used on input line 186.
(pdftex.def)             Requested size: 222.33008pt x 238.39003pt.
LaTeX Info: Redefining \. on input line 192.
LaTeX Info: Redefining \% on input line 192.
 [20 <./imagenes/parallel_reduce.png (PNG copy)>]
<imagenes/parallel_reduce_cuda.png, id=435, 837.1275pt x 496.10344pt>
File: imagenes/parallel_reduce_cuda.png Graphic file (type png)
<use imagenes/parallel_reduce_cuda.png>
Package pdftex.def Info: imagenes/parallel_reduce_cuda.png  used on input line 
195.
(pdftex.def)             Requested size: 359.95781pt x 213.32031pt.
LaTeX Info: Redefining \. on input line 204.
LaTeX Info: Redefining \% on input line 204.
 [21 <./imagenes/parallel_reduce_cuda.png>]
Overfull \hbox (31.23506pt too wide) in paragraph at lines 205--206
[]\OT1/cmr/m/n/10.95 4. Una vez $\OML/cmm/m/it/10.95 n[]hebras$ \OT1/cmr/m/n/10
.95 es 32 o in-fe-rior no es ne-ce-sa-rio usar \OT1/cmr/bx/sc/10.95 cu-da.synct
hreads()
 []


Underfull \hbox (badness 10000) in paragraph at lines 212--213

 []


Underfull \hbox (badness 10000) in paragraph at lines 214--215

 []

)
LaTeX Info: Redefining \. on input line 4.
LaTeX Info: Redefining \% on input line 4.
 [22]
LaTeX Info: Redefining \. on input line 12.
LaTeX Info: Redefining \% on input line 12.
 [23]
Overfull \hbox (3.7646pt too wide) in paragraph at lines 13--13
|[]\OT1/cmr/bx/n/14.4 Desarrollo del ma-pa auto-organizado de Koho-
 []


Underfull \hbox (badness 10000) in paragraph at lines 17--18

 []


Underfull \hbox (badness 10000) in paragraph at lines 19--20

 []


Underfull \hbox (badness 10000) in paragraph at lines 21--22

 []


Underfull \hbox (badness 10000) in paragraph at lines 23--24

 []

LaTeX Info: Redefining \. on input line 27.
LaTeX Info: Redefining \% on input line 27.
[24]
Underfull \hbox (badness 10000) in paragraph at lines 29--30

 []

<imagenes/flujosparksom.png, id=455, 596.2275pt x 734.745pt>
File: imagenes/flujosparksom.png Graphic file (type png)
<use imagenes/flujosparksom.png>
Package pdftex.def Info: imagenes/flujosparksom.png  used on input line 33.
(pdftex.def)             Requested size: 298.11302pt x 367.3716pt.
LaTeX Info: Redefining \. on input line 39.
LaTeX Info: Redefining \% on input line 39.
[25 <./imagenes/flujosparksom.png>]
Underfull \hbox (badness 10000) in paragraph at lines 48--49

 []


Underfull \hbox (badness 10000) in paragraph at lines 53--54

 []


Underfull \hbox (badness 10000) in paragraph at lines 56--57

 []


Underfull \hbox (badness 10000) in paragraph at lines 58--59

 []

\openout3 = `proyecto.pyg'.


(_minted-proyecto/92959466AA35AF8478B26C5CBF1779AE6FFD03D566E47C5E5686EE250F018
701.pygtex
LaTeX Info: Redefining \. on input line 4.
LaTeX Info: Redefining \% on input line 4.
 [26])
Underfull \hbox (badness 10000) in paragraph at lines 116--117

 []

LaTeX Info: Redefining \. on input line 117.
LaTeX Info: Redefining \% on input line 117.
[27]
<imagenes/row-major.png, id=471, 192.4791pt x 93.951pt>
File: imagenes/row-major.png Graphic file (type png)
<use imagenes/row-major.png>
Package pdftex.def Info: imagenes/row-major.png  used on input line 123.
(pdftex.def)             Requested size: 384.95721pt x 187.90155pt.

Overfull \hbox (24.95721pt too wide) in paragraph at lines 123--124
 [][] 
 []

\openout3 = `proyecto.pyg'.


(_minted-proyecto/1A5A6C97B387F0C4C545AD8F6159F78B6FFD03D566E47C5E5686EE250F018
701.pygtex
LaTeX Info: Redefining \. on input line 14.
LaTeX Info: Redefining \% on input line 14.
 [28 <./imagenes/row-major.png>])
Underfull \hbox (badness 10000) in paragraph at lines 166--167

 []

LaTeX Info: Redefining \. on input line 180.
LaTeX Info: Redefining \% on input line 180.
[29]
\openout3 = `proyecto.pyg'.


(_minted-proyecto/6F02916F198E2029D16C607467C63A4A6FFD03D566E47C5E5686EE250F018
701.pygtex)
Underfull \hbox (badness 10000) in paragraph at lines 216--217

 []


LaTeX Warning: Command \textordmasculine invalid in math mode on input line 224
.

LaTeX Info: Redefining \. on input line 232.
LaTeX Info: Redefining \% on input line 232.
[30]
LaTeX Info: Redefining \. on input line 232.
LaTeX Info: Redefining \% on input line 232.
 [31]
\openout3 = `proyecto.pyg'.


(_minted-proyecto/66A4987636549F7E3CCFB99E18CDE3796FFD03D566E47C5E5686EE250F018
701.pygtex)
LaTeX Info: Redefining \. on input line 289.
LaTeX Info: Redefining \% on input line 289.
 [32]
Underfull \hbox (badness 10000) in paragraph at lines 293--294

 []


Underfull \hbox (badness 10000) in paragraph at lines 295--296

 []

File: imagenes/parallel_reduce.png Graphic file (type png)
<use imagenes/parallel_reduce.png>
Package pdftex.def Info: imagenes/parallel_reduce.png  used on input line 300.
(pdftex.def)             Requested size: 222.33008pt x 238.39003pt.
\openout3 = `proyecto.pyg'.


(_minted-proyecto/5108E94E515F7DBDE2EB251ECA3B20426FFD03D566E47C5E5686EE250F018
701.pygtex
LaTeX Info: Redefining \. on input line 26.
LaTeX Info: Redefining \% on input line 26.
 [33]
LaTeX Info: Redefining \. on input line 52.
LaTeX Info: Redefining \% on input line 52.
 [34])
Underfull \hbox (badness 10000) in paragraph at lines 362--363

 []

\openout3 = `proyecto.pyg'.


(_minted-proyecto/A5CD98EB69821BD6AC945D0B1F72B8386FFD03D566E47C5E5686EE250F018
701.pygtex)
LaTeX Info: Redefining \. on input line 388.
LaTeX Info: Redefining \% on input line 388.
 [35]
\openout3 = `proyecto.pyg'.


(_minted-proyecto/2EC2577DDA78ED2E769782E905FA2E6F6FFD03D566E47C5E5686EE250F018
701.pygtex
LaTeX Info: Redefining \. on input line 27.
LaTeX Info: Redefining \% on input line 27.
 [36])) (capitulos/PRUEBAS.tex
LaTeX Info: Redefining \. on input line 2.
LaTeX Info: Redefining \% on input line 2.
 [37]
Cap\'{\i }tulo 4.
[38

]
Underfull \hbox (badness 10000) in paragraph at lines 53--54

 []


Overfull \hbox (46.73114pt too wide) in paragraph at lines 59--59
|[]\OT1/cmr/bx/n/14.4 Experimentos pa-ra eva-luar el ma-pa auto-organizado.| 
 []


Underfull \hbox (badness 10000) in paragraph at lines 61--62

 []

LaTeX Info: Redefining \. on input line 62.
LaTeX Info: Redefining \% on input line 62.
[39]
Underfull \hbox (badness 10000) in paragraph at lines 63--64

 []

<imagenes/facescpu.png, id=541, 693.59125pt x 581.17125pt>
File: imagenes/facescpu.png Graphic file (type png)
<use imagenes/facescpu.png>
Package pdftex.def Info: imagenes/facescpu.png  used on input line 67.
(pdftex.def)             Requested size: 208.07898pt x 174.35272pt.
<imagenes/facesgpu.png, id=542, 693.59125pt x 581.17125pt>
File: imagenes/facesgpu.png Graphic file (type png)
<use imagenes/facesgpu.png>
Package pdftex.def Info: imagenes/facesgpu.png  used on input line 74.
(pdftex.def)             Requested size: 208.07898pt x 174.35272pt.

Underfull \hbox (badness 10000) in paragraph at lines 79--80

 []


Underfull \hbox (badness 10000) in paragraph at lines 81--82

 []

LaTeX Info: Redefining \. on input line 82.
LaTeX Info: Redefining \% on input line 82.
[40 <./imagenes/facescpu.png>]
LaTeX Info: Redefining \. on input line 87.
LaTeX Info: Redefining \% on input line 87.
 [41 <./imagenes/facesgpu.png>]
Overfull \hbox (13.10918pt too wide) in paragraph at lines 89--102
[][] 
 []


Underfull \hbox (badness 10000) in paragraph at lines 106--107

 []

<imagenes/susysom.png, id=557, 495.35063pt x 211.54031pt>
File: imagenes/susysom.png Graphic file (type png)
<use imagenes/susysom.png>
Package pdftex.def Info: imagenes/susysom.png  used on input line 110.
(pdftex.def)             Requested size: 346.74307pt x 148.0772pt.

Underfull \hbox (badness 10000) in paragraph at lines 119--120

 []

LaTeX Info: Redefining \. on input line 120.
LaTeX Info: Redefining \% on input line 120.
[42]
Overfull \hbox (5.5596pt too wide) in paragraph at lines 122--130
[][] 
 []


Underfull \hbox (badness 10000) in paragraph at lines 134--135

 []

LaTeX Info: Redefining \. on input line 135.
LaTeX Info: Redefining \% on input line 135.
[43 <./imagenes/susysom.png>]
<imagenes/som_sol.png, id=568, 1235.36531pt x 485.56406pt>
File: imagenes/som_sol.png Graphic file (type png)
<use imagenes/som_sol.png>
Package pdftex.def Info: imagenes/som_sol.png  used on input line 138.
(pdftex.def)             Requested size: 370.61246pt x 145.67033pt.

Overfull \hbox (10.61246pt too wide) in paragraph at lines 138--139
 [][] 
 []


Underfull \hbox (badness 10000) in paragraph at lines 143--144

 []

<imagenes/som_warp_states.png, id=570, 1233.10687pt x 508.14844pt>
File: imagenes/som_warp_states.png Graphic file (type png)
<use imagenes/som_warp_states.png>
Package pdftex.def Info: imagenes/som_warp_states.png  used on input line 147.
(pdftex.def)             Requested size: 369.93492pt x 152.4457pt.

Overfull \hbox (9.93492pt too wide) in paragraph at lines 147--148
 [][] 
 []


Underfull \hbox (badness 10000) in paragraph at lines 152--153

 []

LaTeX Info: Redefining \. on input line 154.
LaTeX Info: Redefining \% on input line 154.
[44 <./imagenes/som_sol.png> <./imagenes/som_warp_states.png>]
Underfull \hbox (badness 10000) in paragraph at lines 154--155

 []

LaTeX Info: Redefining \. on input line 158.
LaTeX Info: Redefining \% on input line 158.
[45]) (capitulos/CONCLUSIONES.tex
Cap\'{\i }tulo 5.
) (proyecto.bbl [46

] [47

])
Package atveryend Info: Empty hook `BeforeClearDocument' on input line 252.
 [48]
Package atveryend Info: Empty hook `AfterLastShipout' on input line 252.
 (proyecto.aux
LaTeX Info: Redefining \. on input line 23.
LaTeX Info: Redefining \% on input line 23.
)
Package atveryend Info: Executing hook `AtVeryEndDocument' on input line 252.
Package atveryend Info: Executing hook `AtEndAfterFileList' on input line 252.
Package rerunfilecheck Info: File `proyecto.out' has not changed.
(rerunfilecheck)             Checksum: 14A17BB85254663959048E7B474680A1;3186.


LaTeX Font Warning: Some font shapes were not available, defaults substituted.

runsystem(del proyecto.pyg)...executed.

 ) 
Here is how much of TeX's memory you used:
 13449 strings out of 492970
 222109 string characters out of 3135855
 375623 words of memory out of 3000000
 16865 multiletter control sequences out of 15000+200000
 13044 words of font info for 46 fonts, out of 3000000 for 9000
 1141 hyphenation exceptions out of 8191
 40i,19n,49p,2004b,774s stack positions out of 5000i,500n,10000p,200000b,50000s
<C:/Program Files/MiKTeX 2.9/fonts/type1/public/amsfonts/cm/cmbsy10.pfb><C:/P
rogram Files/MiKTeX 2.9/fonts/type1/public/amsfonts/cm/cmbx10.pfb><C:/Program F
iles/MiKTeX 2.9/fonts/type1/public/amsfonts/cm/cmbx12.pfb><C:/Program Files/MiK
TeX 2.9/fonts/type1/public/amsfonts/cm/cmbx8.pfb><C:/Program Files/MiKTeX 2.9/f
onts/type1/public/amsfonts/cm/cmbxti10.pfb><C:/Program Files/MiKTeX 2.9/fonts/t
ype1/public/amsfonts/cm/cmcsc10.pfb><C:/Program Files/MiKTeX 2.9/fonts/type1/pu
blic/amsfonts/cm/cmex10.pfb><C:/Program Files/MiKTeX 2.9/fonts/type1/public/ams
fonts/cm/cmitt10.pfb><C:/Program Files/MiKTeX 2.9/fonts/type1/public/amsfonts/c
m/cmmi10.pfb><C:/Program Files/MiKTeX 2.9/fonts/type1/public/amsfonts/cm/cmmi6.
pfb><C:/Program Files/MiKTeX 2.9/fonts/type1/public/amsfonts/cm/cmmi8.pfb><C:/P
rogram Files/MiKTeX 2.9/fonts/type1/public/amsfonts/cm/cmr10.pfb><C:/Program Fi
les/MiKTeX 2.9/fonts/type1/public/amsfonts/cm/cmr6.pfb><C:/Program Files/MiKTeX
 2.9/fonts/type1/public/amsfonts/cm/cmr8.pfb><C:/Program Files/MiKTeX 2.9/fonts
/type1/public/amsfonts/cm/cmsy10.pfb><C:/Program Files/MiKTeX 2.9/fonts/type1/p
ublic/amsfonts/cm/cmsy6.pfb><C:/Program Files/MiKTeX 2.9/fonts/type1/public/ams
fonts/cm/cmsy8.pfb><C:/Program Files/MiKTeX 2.9/fonts/type1/public/amsfonts/cm/
cmti10.pfb><C:/Program Files/MiKTeX 2.9/fonts/type1/public/amsfonts/cm/cmtt9.pf
b>
Output written on proyecto.pdf (59 pages, 1851681 bytes).
PDF statistics:
 695 PDF objects out of 1000 (max. 8388607)
 145 named destinations out of 1000 (max. 500000)
 375 words of extra memory for PDF output out of 10000 (max. 10000000)

